<?xml version="1.0" encoding="UTF-8"?>
<coverage generated="1770040117902" clover="3.2.0">
  <project timestamp="1770040117902" name="All files">
    <metrics statements="113" coveredstatements="103" conditionals="78" coveredconditionals="59" methods="10" coveredmethods="10" elements="201" coveredelements="172" complexity="0" loc="113" ncloc="113" packages="2" files="6" classes="6"/>
    <package name="main">
      <metrics statements="107" coveredstatements="99" conditionals="76" coveredconditionals="58" methods="9" coveredmethods="9"/>
      <file name="commands.ts" path="/Volumes/Projects/public/figma-granular-copy/src/main/commands.ts">
        <metrics statements="82" coveredstatements="74" conditionals="68" coveredconditionals="53" methods="4" coveredmethods="4"/>
        <line num="8" count="1" type="stmt"/>
        <line num="61" count="4" type="stmt"/>
        <line num="65" count="4" type="cond" truecount="2" falsecount="0"/>
        <line num="67" count="2" type="stmt"/>
        <line num="69" count="2" type="cond" truecount="1" falsecount="1"/>
        <line num="71" count="2" type="stmt"/>
        <line num="77" count="2" type="stmt"/>
        <line num="81" count="2" type="stmt"/>
        <line num="85" count="2" type="stmt"/>
        <line num="87" count="2" type="stmt"/>
        <line num="89" count="2" type="stmt"/>
        <line num="97" count="2" type="stmt"/>
        <line num="101" count="0" type="stmt"/>
        <line num="107" count="2" type="stmt"/>
        <line num="119" count="2" type="stmt"/>
        <line num="123" count="2" type="stmt"/>
        <line num="127" count="2" type="cond" truecount="1" falsecount="1"/>
        <line num="129" count="2" type="stmt"/>
        <line num="135" count="0" type="stmt"/>
        <line num="151" count="7" type="stmt"/>
        <line num="153" count="7" type="cond" truecount="2" falsecount="0"/>
        <line num="155" count="1" type="stmt"/>
        <line num="157" count="1" type="cond" truecount="1" falsecount="1"/>
        <line num="159" count="1" type="stmt"/>
        <line num="165" count="6" type="stmt"/>
        <line num="167" count="6" type="cond" truecount="1" falsecount="1"/>
        <line num="169" count="0" type="stmt"/>
        <line num="171" count="0" type="cond" truecount="0" falsecount="2"/>
        <line num="173" count="0" type="stmt"/>
        <line num="179" count="6" type="stmt"/>
        <line num="181" count="6" type="stmt"/>
        <line num="185" count="6" type="stmt"/>
        <line num="187" count="8" type="stmt"/>
        <line num="189" count="8" type="stmt"/>
        <line num="195" count="8" type="stmt"/>
        <line num="197" count="8" type="stmt"/>
        <line num="199" count="16" type="stmt"/>
        <line num="203" count="8" type="cond" truecount="4" falsecount="0"/>
        <line num="205" count="1" type="stmt"/>
        <line num="207" count="1" type="cond" truecount="2" falsecount="0"/>
        <line num="209" count="1" type="stmt"/>
        <line num="213" count="0" type="stmt"/>
        <line num="223" count="8" type="cond" truecount="4" falsecount="0"/>
        <line num="225" count="2" type="stmt"/>
        <line num="227" count="2" type="cond" truecount="3" falsecount="0"/>
        <line num="231" count="2" type="cond" truecount="4" falsecount="1"/>
        <line num="235" count="1" type="cond" truecount="3" falsecount="1"/>
        <line num="237" count="1" type="stmt"/>
        <line num="239" count="1" type="stmt"/>
        <line num="243" count="1" type="cond" truecount="3" falsecount="1"/>
        <line num="245" count="1" type="stmt"/>
        <line num="247" count="1" type="stmt"/>
        <line num="251" count="1" type="stmt"/>
        <line num="253" count="1" type="cond" truecount="1" falsecount="1"/>
        <line num="257" count="1" type="cond" truecount="1" falsecount="1"/>
        <line num="259" count="1" type="cond" truecount="1" falsecount="1"/>
        <line num="261" count="1" type="stmt"/>
        <line num="263" count="1" type="stmt"/>
        <line num="265" count="1" type="stmt"/>
        <line num="269" count="0" type="stmt"/>
        <line num="273" count="1" type="stmt"/>
        <line num="281" count="8" type="stmt"/>
        <line num="285" count="18" type="cond" truecount="4" falsecount="0"/>
        <line num="291" count="14" type="cond" truecount="1" falsecount="1"/>
        <line num="295" count="14" type="cond" truecount="2" falsecount="0"/>
        <line num="297" count="13" type="stmt"/>
        <line num="299" count="13" type="stmt"/>
        <line num="301" count="13" type="stmt"/>
        <line num="303" count="13" type="stmt"/>
        <line num="307" count="0" type="stmt"/>
        <line num="319" count="8" type="cond" truecount="2" falsecount="0"/>
        <line num="321" count="7" type="stmt"/>
        <line num="323" count="1" type="cond" truecount="1" falsecount="1"/>
        <line num="325" count="1" type="stmt"/>
        <line num="333" count="6" type="cond" truecount="2" falsecount="0"/>
        <line num="341" count="7" type="cond" truecount="2" falsecount="0"/>
        <line num="345" count="7" type="cond" truecount="2" falsecount="0"/>
        <line num="347" count="1" type="stmt"/>
        <line num="349" count="1" type="stmt"/>
        <line num="355" count="6" type="stmt"/>
        <line num="359" count="6" type="cond" truecount="1" falsecount="1"/>
        <line num="361" count="6" type="stmt"/>
      </file>
      <file name="extraction.ts" path="/Volumes/Projects/public/figma-granular-copy/src/main/extraction.ts">
        <metrics statements="6" coveredstatements="6" conditionals="2" coveredconditionals="1" methods="1" coveredmethods="1"/>
        <line num="6" count="11" type="stmt"/>
        <line num="8" count="11" type="stmt"/>
        <line num="9" count="42" type="cond" truecount="1" falsecount="1"/>
        <line num="10" count="42" type="stmt"/>
        <line num="14" count="42" type="stmt"/>
        <line num="18" count="11" type="stmt"/>
      </file>
      <file name="storage.ts" path="/Volumes/Projects/public/figma-granular-copy/src/main/storage.ts">
        <metrics statements="8" coveredstatements="8" conditionals="0" coveredconditionals="0" methods="2" coveredmethods="2"/>
        <line num="1" count="2" type="stmt"/>
        <line num="7" count="2" type="stmt"/>
        <line num="8" count="2" type="stmt"/>
        <line num="10" count="1" type="stmt"/>
        <line num="18" count="2" type="stmt"/>
        <line num="19" count="2" type="stmt"/>
        <line num="21" count="1" type="stmt"/>
        <line num="22" count="1" type="stmt"/>
      </file>
      <file name="ui-handlers.ts" path="/Volumes/Projects/public/figma-granular-copy/src/main/ui-handlers.ts">
        <metrics statements="6" coveredstatements="6" conditionals="6" coveredconditionals="4" methods="1" coveredmethods="1"/>
        <line num="7" count="2" type="cond" truecount="2" falsecount="0"/>
        <line num="8" count="1" type="stmt"/>
        <line num="9" count="1" type="cond" truecount="1" falsecount="1"/>
        <line num="10" count="1" type="stmt"/>
        <line num="11" count="1" type="cond" truecount="1" falsecount="1"/>
        <line num="12" count="1" type="stmt"/>
      </file>
      <file name="utils.ts" path="/Volumes/Projects/public/figma-granular-copy/src/main/utils.ts">
        <metrics statements="5" coveredstatements="5" conditionals="0" coveredconditionals="0" methods="1" coveredmethods="1"/>
        <line num="2" count="2" type="stmt"/>
        <line num="3" count="2" type="stmt"/>
        <line num="4" count="2" type="stmt"/>
        <line num="5" count="4" type="stmt"/>
        <line num="7" count="2" type="stmt"/>
      </file>
    </package>
    <package name="ui">
      <metrics statements="6" coveredstatements="4" conditionals="2" coveredconditionals="1" methods="1" coveredmethods="1"/>
      <file name="ui.tsx" path="/Volumes/Projects/public/figma-granular-copy/src/ui/ui.tsx">
        <metrics statements="6" coveredstatements="4" conditionals="2" coveredconditionals="1" methods="1" coveredmethods="1"/>
        <line num="4" count="1" type="stmt"/>
        <line num="5" count="1" type="stmt"/>
        <line num="13" count="1" type="stmt"/>
        <line num="14" count="1" type="cond" truecount="1" falsecount="1"/>
        <line num="15" count="0" type="stmt"/>
        <line num="16" count="0" type="stmt"/>
      </file>
    </package>
  </project>
</coverage>
