{"/Volumes/Projects/public/figma-granular-copy/src/main/commands.ts": {"path":"/Volumes/Projects/public/figma-granular-copy/src/main/commands.ts","statementMap":{"0":{"start":{"line":8,"column":28},"end":{"line":39,"column":null}},"1":{"start":{"line":45,"column":20},"end":{"line":45,"column":null}},"2":{"start":{"line":47,"column":2},"end":{"line":51,"column":null}},"3":{"start":{"line":48,"column":4},"end":{"line":48,"column":null}},"4":{"start":{"line":49,"column":4},"end":{"line":49,"column":null}},"5":{"start":{"line":50,"column":4},"end":{"line":50,"column":null}},"6":{"start":{"line":53,"column":15},"end":{"line":53,"column":null}},"7":{"start":{"line":55,"column":8},"end":{"line":55,"column":null}},"8":{"start":{"line":57,"column":2},"end":{"line":57,"column":null}},"9":{"start":{"line":59,"column":2},"end":{"line":59,"column":null}},"10":{"start":{"line":60,"column":2},"end":{"line":60,"column":null}},"11":{"start":{"line":67,"column":15},"end":{"line":67,"column":null}},"12":{"start":{"line":68,"column":2},"end":{"line":72,"column":null}},"13":{"start":{"line":69,"column":4},"end":{"line":69,"column":null}},"14":{"start":{"line":70,"column":4},"end":{"line":70,"column":null}},"15":{"start":{"line":71,"column":4},"end":{"line":71,"column":null}},"16":{"start":{"line":74,"column":20},"end":{"line":74,"column":null}},"17":{"start":{"line":75,"column":2},"end":{"line":79,"column":null}},"18":{"start":{"line":76,"column":4},"end":{"line":76,"column":null}},"19":{"start":{"line":77,"column":4},"end":{"line":77,"column":null}},"20":{"start":{"line":78,"column":4},"end":{"line":78,"column":null}},"21":{"start":{"line":81,"column":21},"end":{"line":81,"column":null}},"22":{"start":{"line":82,"column":34},"end":{"line":82,"column":null}},"23":{"start":{"line":84,"column":2},"end":{"line":109,"column":null}},"24":{"start":{"line":85,"column":27},"end":{"line":85,"column":null}},"25":{"start":{"line":86,"column":21},"end":{"line":86,"column":null}},"26":{"start":{"line":88,"column":4},"end":{"line":102,"column":null}},"27":{"start":{"line":90,"column":6},"end":{"line":101,"column":null}},"28":{"start":{"line":92,"column":8},"end":{"line":100,"column":null}},"29":{"start":{"line":93,"column":10},"end":{"line":93,"column":null}},"30":{"start":{"line":94,"column":10},"end":{"line":99,"column":null}},"31":{"start":{"line":95,"column":13},"end":{"line":95,"column":null}},"32":{"start":{"line":96,"column":12},"end":{"line":96,"column":null}},"33":{"start":{"line":98,"column":12},"end":{"line":98,"column":null}},"34":{"start":{"line":104,"column":4},"end":{"line":108,"column":null}},"35":{"start":{"line":105,"column":6},"end":{"line":105,"column":null}},"36":{"start":{"line":106,"column":4},"end":{"line":108,"column":null}},"37":{"start":{"line":107,"column":6},"end":{"line":107,"column":null}},"38":{"start":{"line":111,"column":24},"end":{"line":113,"column":null}},"39":{"start":{"line":115,"column":16},"end":{"line":115,"column":null}},"40":{"start":{"line":117,"column":2},"end":{"line":120,"column":null}},"41":{"start":{"line":118,"column":24},"end":{"line":118,"column":null}},"42":{"start":{"line":118,"column":65},"end":{"line":118,"column":71}},"43":{"start":{"line":119,"column":4},"end":{"line":119,"column":null}},"44":{"start":{"line":122,"column":2},"end":{"line":122,"column":null}},"45":{"start":{"line":123,"column":2},"end":{"line":123,"column":null}}},"fnMap":{"0":{"name":"handleCopyCommand","decl":{"start":{"line":44,"column":22},"end":{"line":44,"column":42}},"loc":{"start":{"line":44,"column":42},"end":{"line":61,"column":null}},"line":44},"1":{"name":"handlePasteCommand","decl":{"start":{"line":66,"column":22},"end":{"line":66,"column":41}},"loc":{"start":{"line":66,"column":61},"end":{"line":124,"column":null}},"line":66},"2":{"name":"(anonymous_2)","decl":{"start":{"line":118,"column":60},"end":{"line":118,"column":65}},"loc":{"start":{"line":118,"column":65},"end":{"line":118,"column":71}},"line":118}},"branchMap":{"0":{"loc":{"start":{"line":47,"column":2},"end":{"line":51,"column":null}},"type":"if","locations":[{"start":{"line":47,"column":2},"end":{"line":51,"column":null}},{"start":{},"end":{}}],"line":47},"1":{"loc":{"start":{"line":68,"column":2},"end":{"line":72,"column":null}},"type":"if","locations":[{"start":{"line":68,"column":2},"end":{"line":72,"column":null}},{"start":{},"end":{}}],"line":68},"2":{"loc":{"start":{"line":75,"column":2},"end":{"line":79,"column":null}},"type":"if","locations":[{"start":{"line":75,"column":2},"end":{"line":79,"column":null}},{"start":{},"end":{}}],"line":75},"3":{"loc":{"start":{"line":90,"column":6},"end":{"line":101,"column":null}},"type":"if","locations":[{"start":{"line":90,"column":6},"end":{"line":101,"column":null}},{"start":{},"end":{}}],"line":90},"4":{"loc":{"start":{"line":92,"column":8},"end":{"line":100,"column":null}},"type":"if","locations":[{"start":{"line":92,"column":8},"end":{"line":100,"column":null}},{"start":{},"end":{}}],"line":92},"5":{"loc":{"start":{"line":104,"column":4},"end":{"line":108,"column":null}},"type":"if","locations":[{"start":{"line":104,"column":4},"end":{"line":108,"column":null}},{"start":{"line":106,"column":4},"end":{"line":108,"column":null}}],"line":104},"6":{"loc":{"start":{"line":106,"column":4},"end":{"line":108,"column":null}},"type":"if","locations":[{"start":{"line":106,"column":4},"end":{"line":108,"column":null}},{"start":{},"end":{}}],"line":106},"7":{"loc":{"start":{"line":111,"column":24},"end":{"line":113,"column":null}},"type":"cond-expr","locations":[{"start":{"line":112,"column":6},"end":{"line":112,"column":null}},{"start":{"line":113,"column":6},"end":{"line":113,"column":null}}],"line":111},"8":{"loc":{"start":{"line":115,"column":68},"end":{"line":115,"column":97}},"type":"cond-expr","locations":[{"start":{"line":115,"column":89},"end":{"line":115,"column":94}},{"start":{"line":115,"column":94},"end":{"line":115,"column":97}}],"line":115},"9":{"loc":{"start":{"line":117,"column":2},"end":{"line":120,"column":null}},"type":"if","locations":[{"start":{"line":117,"column":2},"end":{"line":120,"column":null}},{"start":{},"end":{}}],"line":117}},"s":{"0":1,"1":3,"2":3,"3":2,"4":2,"5":2,"6":1,"7":1,"8":1,"9":1,"10":1,"11":3,"12":3,"13":1,"14":1,"15":1,"16":2,"17":2,"18":0,"19":0,"20":0,"21":2,"22":2,"23":2,"24":4,"25":4,"26":4,"27":4,"28":4,"29":3,"30":3,"31":3,"32":3,"33":0,"34":4,"35":3,"36":1,"37":1,"38":2,"39":3,"40":3,"41":1,"42":1,"43":1,"44":2,"45":2},"f":{"0":3,"1":3,"2":1},"b":{"0":[2,1],"1":[1,2],"2":[0,2],"3":[4,0],"4":[3,1],"5":[3,1],"6":[1,0],"7":[0,2],"8":[1,1],"9":[1,2]},"meta":{"lastBranch":10,"lastFunction":3,"lastStatement":46,"seen":{"s:8:28:39:Infinity":0,"f:44:22:44:42":0,"s:45:20:45:Infinity":1,"b:47:2:51:Infinity:undefined:undefined:undefined:undefined":0,"s:47:2:51:Infinity":2,"s:48:4:48:Infinity":3,"s:49:4:49:Infinity":4,"s:50:4:50:Infinity":5,"s:53:15:53:Infinity":6,"s:55:8:55:Infinity":7,"s:57:2:57:Infinity":8,"s:59:2:59:Infinity":9,"s:60:2:60:Infinity":10,"f:66:22:66:41":1,"s:67:15:67:Infinity":11,"b:68:2:72:Infinity:undefined:undefined:undefined:undefined":1,"s:68:2:72:Infinity":12,"s:69:4:69:Infinity":13,"s:70:4:70:Infinity":14,"s:71:4:71:Infinity":15,"s:74:20:74:Infinity":16,"b:75:2:79:Infinity:undefined:undefined:undefined:undefined":2,"s:75:2:79:Infinity":17,"s:76:4:76:Infinity":18,"s:77:4:77:Infinity":19,"s:78:4:78:Infinity":20,"s:81:21:81:Infinity":21,"s:82:34:82:Infinity":22,"s:84:2:109:Infinity":23,"s:85:27:85:Infinity":24,"s:86:21:86:Infinity":25,"s:88:4:102:Infinity":26,"b:90:6:101:Infinity:undefined:undefined:undefined:undefined":3,"s:90:6:101:Infinity":27,"b:92:8:100:Infinity:undefined:undefined:undefined:undefined":4,"s:92:8:100:Infinity":28,"s:93:10:93:Infinity":29,"s:94:10:99:Infinity":30,"s:95:13:95:Infinity":31,"s:96:12:96:Infinity":32,"s:98:12:98:Infinity":33,"b:104:4:108:Infinity:106:4:108:Infinity":5,"s:104:4:108:Infinity":34,"s:105:6:105:Infinity":35,"b:106:4:108:Infinity:undefined:undefined:undefined:undefined":6,"s:106:4:108:Infinity":36,"s:107:6:107:Infinity":37,"s:111:24:113:Infinity":38,"b:112:6:112:Infinity:113:6:113:Infinity":7,"s:115:16:115:Infinity":39,"b:115:89:115:94:115:94:115:97":8,"b:117:2:120:Infinity:undefined:undefined:undefined:undefined":9,"s:117:2:120:Infinity":40,"s:118:24:118:Infinity":41,"f:118:60:118:65":2,"s:118:65:118:71":42,"s:119:4:119:Infinity":43,"s:122:2:122:Infinity":44,"s:123:2:123:Infinity":45}}}
,"/Volumes/Projects/public/figma-granular-copy/src/main/extraction.ts": {"path":"/Volumes/Projects/public/figma-granular-copy/src/main/extraction.ts","statementMap":{"0":{"start":{"line":6,"column":22},"end":{"line":6,"column":null}},"1":{"start":{"line":8,"column":2},"end":{"line":16,"column":null}},"2":{"start":{"line":9,"column":4},"end":{"line":15,"column":null}},"3":{"start":{"line":10,"column":21},"end":{"line":10,"column":null}},"4":{"start":{"line":14,"column":6},"end":{"line":14,"column":null}},"5":{"start":{"line":18,"column":2},"end":{"line":18,"column":null}}},"fnMap":{"0":{"name":"extractProperties","decl":{"start":{"line":5,"column":16},"end":{"line":5,"column":34}},"loc":{"start":{"line":5,"column":76},"end":{"line":19,"column":null}},"line":5}},"branchMap":{"0":{"loc":{"start":{"line":9,"column":4},"end":{"line":15,"column":null}},"type":"if","locations":[{"start":{"line":9,"column":4},"end":{"line":15,"column":null}},{"start":{},"end":{}}],"line":9}},"s":{"0":4,"1":4,"2":6,"3":6,"4":6,"5":4},"f":{"0":4},"b":{"0":[6,0]},"meta":{"lastBranch":1,"lastFunction":1,"lastStatement":6,"seen":{"f:5:16:5:34":0,"s:6:22:6:Infinity":0,"s:8:2:16:Infinity":1,"b:9:4:15:Infinity:undefined:undefined:undefined:undefined":0,"s:9:4:15:Infinity":2,"s:10:21:10:Infinity":3,"s:14:6:14:Infinity":4,"s:18:2:18:Infinity":5}}}
,"/Volumes/Projects/public/figma-granular-copy/src/main/storage.ts": {"path":"/Volumes/Projects/public/figma-granular-copy/src/main/storage.ts","statementMap":{"0":{"start":{"line":1,"column":20},"end":{"line":1,"column":null}},"1":{"start":{"line":7,"column":2},"end":{"line":11,"column":null}},"2":{"start":{"line":8,"column":4},"end":{"line":8,"column":null}},"3":{"start":{"line":10,"column":4},"end":{"line":10,"column":null}},"4":{"start":{"line":18,"column":2},"end":{"line":23,"column":null}},"5":{"start":{"line":19,"column":4},"end":{"line":19,"column":null}},"6":{"start":{"line":21,"column":4},"end":{"line":21,"column":null}},"7":{"start":{"line":22,"column":4},"end":{"line":22,"column":null}}},"fnMap":{"0":{"name":"saveProperties","decl":{"start":{"line":6,"column":22},"end":{"line":6,"column":37}},"loc":{"start":{"line":6,"column":63},"end":{"line":12,"column":null}},"line":6},"1":{"name":"loadProperties","decl":{"start":{"line":17,"column":22},"end":{"line":17,"column":53}},"loc":{"start":{"line":17,"column":53},"end":{"line":24,"column":null}},"line":17}},"branchMap":{},"s":{"0":1,"1":2,"2":2,"3":1,"4":2,"5":2,"6":1,"7":1},"f":{"0":2,"1":2},"b":{},"meta":{"lastBranch":0,"lastFunction":2,"lastStatement":8,"seen":{"s:1:20:1:Infinity":0,"f:6:22:6:37":0,"s:7:2:11:Infinity":1,"s:8:4:8:Infinity":2,"s:10:4:10:Infinity":3,"f:17:22:17:53":1,"s:18:2:23:Infinity":4,"s:19:4:19:Infinity":5,"s:21:4:21:Infinity":6,"s:22:4:22:Infinity":7}}}
,"/Volumes/Projects/public/figma-granular-copy/src/ui/ui.tsx": {"path":"/Volumes/Projects/public/figma-granular-copy/src/ui/ui.tsx","statementMap":{"0":{"start":{"line":4,"column":19},"end":{"line":10,"column":null}},"1":{"start":{"line":5,"column":2},"end":{"line":8,"column":null}},"2":{"start":{"line":13,"column":18},"end":{"line":13,"column":null}},"3":{"start":{"line":14,"column":0},"end":{"line":17,"column":null}},"4":{"start":{"line":15,"column":8},"end":{"line":15,"column":null}},"5":{"start":{"line":16,"column":2},"end":{"line":16,"column":null}}},"fnMap":{"0":{"name":"(anonymous_0)","decl":{"start":{"line":4,"column":19},"end":{"line":4,"column":25}},"loc":{"start":{"line":4,"column":25},"end":{"line":10,"column":null}},"line":4}},"branchMap":{"0":{"loc":{"start":{"line":14,"column":0},"end":{"line":17,"column":null}},"type":"if","locations":[{"start":{"line":14,"column":0},"end":{"line":17,"column":null}},{"start":{},"end":{}}],"line":14}},"s":{"0":1,"1":1,"2":1,"3":1,"4":0,"5":0},"f":{"0":1},"b":{"0":[0,1]},"meta":{"lastBranch":1,"lastFunction":1,"lastStatement":6,"seen":{"s:4:19:10:Infinity":0,"f:4:19:4:25":0,"s:5:2:8:Infinity":1,"s:13:18:13:Infinity":2,"b:14:0:17:Infinity:undefined:undefined:undefined:undefined":0,"s:14:0:17:Infinity":3,"s:15:8:15:Infinity":4,"s:16:2:16:Infinity":5}}}
}
