{"/Volumes/Projects/public/figma-granular-copy/src/main/commands.ts": {"path":"/Volumes/Projects/public/figma-granular-copy/src/main/commands.ts","statementMap":{"0":{"start":{"line":8,"column":28},"end":{"line":51,"column":null}},"1":{"start":{"line":61,"column":20},"end":{"line":61,"column":null}},"2":{"start":{"line":65,"column":2},"end":{"line":73,"column":null}},"3":{"start":{"line":67,"column":4},"end":{"line":67,"column":null}},"4":{"start":{"line":69,"column":4},"end":{"line":69,"column":null}},"5":{"start":{"line":69,"column":29},"end":{"line":69,"column":null}},"6":{"start":{"line":71,"column":4},"end":{"line":71,"column":null}},"7":{"start":{"line":77,"column":15},"end":{"line":77,"column":null}},"8":{"start":{"line":81,"column":8},"end":{"line":81,"column":null}},"9":{"start":{"line":85,"column":16},"end":{"line":85,"column":null}},"10":{"start":{"line":87,"column":2},"end":{"line":103,"column":null}},"11":{"start":{"line":89,"column":18},"end":{"line":95,"column":null}},"12":{"start":{"line":97,"column":4},"end":{"line":97,"column":null}},"13":{"start":{"line":101,"column":4},"end":{"line":101,"column":null}},"14":{"start":{"line":107,"column":15},"end":{"line":115,"column":null}},"15":{"start":{"line":119,"column":2},"end":{"line":119,"column":null}},"16":{"start":{"line":123,"column":2},"end":{"line":123,"column":null}},"17":{"start":{"line":127,"column":2},"end":{"line":137,"column":null}},"18":{"start":{"line":129,"column":4},"end":{"line":129,"column":null}},"19":{"start":{"line":135,"column":4},"end":{"line":135,"column":null}},"20":{"start":{"line":151,"column":15},"end":{"line":151,"column":null}},"21":{"start":{"line":153,"column":2},"end":{"line":161,"column":null}},"22":{"start":{"line":155,"column":4},"end":{"line":155,"column":null}},"23":{"start":{"line":157,"column":4},"end":{"line":157,"column":null}},"24":{"start":{"line":157,"column":29},"end":{"line":157,"column":null}},"25":{"start":{"line":159,"column":4},"end":{"line":159,"column":null}},"26":{"start":{"line":165,"column":20},"end":{"line":165,"column":null}},"27":{"start":{"line":167,"column":2},"end":{"line":175,"column":null}},"28":{"start":{"line":169,"column":4},"end":{"line":169,"column":null}},"29":{"start":{"line":171,"column":4},"end":{"line":171,"column":null}},"30":{"start":{"line":171,"column":29},"end":{"line":171,"column":null}},"31":{"start":{"line":173,"column":4},"end":{"line":173,"column":null}},"32":{"start":{"line":179,"column":21},"end":{"line":179,"column":null}},"33":{"start":{"line":181,"column":34},"end":{"line":181,"column":null}},"34":{"start":{"line":185,"column":2},"end":{"line":329,"column":null}},"35":{"start":{"line":187,"column":27},"end":{"line":187,"column":null}},"36":{"start":{"line":189,"column":21},"end":{"line":189,"column":null}},"37":{"start":{"line":195,"column":22},"end":{"line":195,"column":null}},"38":{"start":{"line":197,"column":23},"end":{"line":197,"column":null}},"39":{"start":{"line":199,"column":28},"end":{"line":199,"column":null}},"40":{"start":{"line":199,"column":47},"end":{"line":199,"column":68}},"41":{"start":{"line":203,"column":4},"end":{"line":217,"column":null}},"42":{"start":{"line":205,"column":6},"end":{"line":215,"column":null}},"43":{"start":{"line":207,"column":26},"end":{"line":207,"column":null}},"44":{"start":{"line":209,"column":8},"end":{"line":209,"column":null}},"45":{"start":{"line":213,"column":8},"end":{"line":213,"column":null}},"46":{"start":{"line":223,"column":4},"end":{"line":277,"column":null}},"47":{"start":{"line":225,"column":21},"end":{"line":225,"column":null}},"48":{"start":{"line":227,"column":33},"end":{"line":227,"column":null}},"49":{"start":{"line":231,"column":6},"end":{"line":275,"column":null}},"50":{"start":{"line":235,"column":8},"end":{"line":241,"column":null}},"51":{"start":{"line":237,"column":11},"end":{"line":237,"column":null}},"52":{"start":{"line":239,"column":10},"end":{"line":239,"column":null}},"53":{"start":{"line":243,"column":8},"end":{"line":249,"column":null}},"54":{"start":{"line":245,"column":11},"end":{"line":245,"column":null}},"55":{"start":{"line":247,"column":10},"end":{"line":247,"column":null}},"56":{"start":{"line":251,"column":8},"end":{"line":251,"column":null}},"57":{"start":{"line":253,"column":6},"end":{"line":275,"column":null}},"58":{"start":{"line":257,"column":19},"end":{"line":257,"column":null}},"59":{"start":{"line":259,"column":19},"end":{"line":259,"column":null}},"60":{"start":{"line":261,"column":8},"end":{"line":271,"column":null}},"61":{"start":{"line":263,"column":11},"end":{"line":263,"column":null}},"62":{"start":{"line":265,"column":10},"end":{"line":265,"column":null}},"63":{"start":{"line":269,"column":10},"end":{"line":269,"column":null}},"64":{"start":{"line":273,"column":8},"end":{"line":273,"column":null}},"65":{"start":{"line":281,"column":4},"end":{"line":315,"column":null}},"66":{"start":{"line":285,"column":6},"end":{"line":285,"column":null}},"67":{"start":{"line":285,"column":55},"end":{"line":285,"column":null}},"68":{"start":{"line":291,"column":6},"end":{"line":313,"column":null}},"69":{"start":{"line":295,"column":8},"end":{"line":311,"column":null}},"70":{"start":{"line":297,"column":10},"end":{"line":297,"column":null}},"71":{"start":{"line":299,"column":10},"end":{"line":309,"column":null}},"72":{"start":{"line":301,"column":13},"end":{"line":301,"column":null}},"73":{"start":{"line":303,"column":12},"end":{"line":303,"column":null}},"74":{"start":{"line":307,"column":12},"end":{"line":307,"column":null}},"75":{"start":{"line":319,"column":4},"end":{"line":327,"column":null}},"76":{"start":{"line":321,"column":6},"end":{"line":321,"column":null}},"77":{"start":{"line":323,"column":4},"end":{"line":327,"column":null}},"78":{"start":{"line":325,"column":6},"end":{"line":325,"column":null}},"79":{"start":{"line":333,"column":24},"end":{"line":337,"column":null}},"80":{"start":{"line":341,"column":16},"end":{"line":341,"column":null}},"81":{"start":{"line":345,"column":2},"end":{"line":351,"column":null}},"82":{"start":{"line":347,"column":24},"end":{"line":347,"column":null}},"83":{"start":{"line":347,"column":65},"end":{"line":347,"column":71}},"84":{"start":{"line":349,"column":4},"end":{"line":349,"column":null}},"85":{"start":{"line":355,"column":2},"end":{"line":355,"column":null}},"86":{"start":{"line":359,"column":2},"end":{"line":363,"column":null}},"87":{"start":{"line":361,"column":4},"end":{"line":361,"column":null}}},"fnMap":{"0":{"name":"handleCopyCommand","decl":{"start":{"line":59,"column":22},"end":{"line":59,"column":40}},"loc":{"start":{"line":59,"column":100},"end":{"line":139,"column":null}},"line":59},"1":{"name":"handlePasteCommand","decl":{"start":{"line":149,"column":22},"end":{"line":149,"column":41}},"loc":{"start":{"line":149,"column":121},"end":{"line":365,"column":null}},"line":149},"2":{"name":"(anonymous_2)","decl":{"start":{"line":199,"column":42},"end":{"line":199,"column":47}},"loc":{"start":{"line":199,"column":47},"end":{"line":199,"column":68}},"line":199},"3":{"name":"(anonymous_3)","decl":{"start":{"line":347,"column":60},"end":{"line":347,"column":65}},"loc":{"start":{"line":347,"column":65},"end":{"line":347,"column":71}},"line":347}},"branchMap":{"0":{"loc":{"start":{"line":59,"column":40},"end":{"line":59,"column":100}},"type":"default-arg","locations":[{"start":{"line":59,"column":77},"end":{"line":59,"column":100}}],"line":59},"1":{"loc":{"start":{"line":65,"column":2},"end":{"line":73,"column":null}},"type":"if","locations":[{"start":{"line":65,"column":2},"end":{"line":73,"column":null}},{"start":{},"end":{}}],"line":65},"2":{"loc":{"start":{"line":69,"column":4},"end":{"line":69,"column":null}},"type":"if","locations":[{"start":{"line":69,"column":4},"end":{"line":69,"column":null}},{"start":{},"end":{}}],"line":69},"3":{"loc":{"start":{"line":127,"column":2},"end":{"line":137,"column":null}},"type":"if","locations":[{"start":{"line":127,"column":2},"end":{"line":137,"column":null}},{"start":{"line":131,"column":9},"end":{"line":137,"column":null}}],"line":127},"4":{"loc":{"start":{"line":149,"column":61},"end":{"line":149,"column":121}},"type":"default-arg","locations":[{"start":{"line":149,"column":98},"end":{"line":149,"column":121}}],"line":149},"5":{"loc":{"start":{"line":153,"column":2},"end":{"line":161,"column":null}},"type":"if","locations":[{"start":{"line":153,"column":2},"end":{"line":161,"column":null}},{"start":{},"end":{}}],"line":153},"6":{"loc":{"start":{"line":157,"column":4},"end":{"line":157,"column":null}},"type":"if","locations":[{"start":{"line":157,"column":4},"end":{"line":157,"column":null}},{"start":{},"end":{}}],"line":157},"7":{"loc":{"start":{"line":167,"column":2},"end":{"line":175,"column":null}},"type":"if","locations":[{"start":{"line":167,"column":2},"end":{"line":175,"column":null}},{"start":{},"end":{}}],"line":167},"8":{"loc":{"start":{"line":171,"column":4},"end":{"line":171,"column":null}},"type":"if","locations":[{"start":{"line":171,"column":4},"end":{"line":171,"column":null}},{"start":{},"end":{}}],"line":171},"9":{"loc":{"start":{"line":203,"column":4},"end":{"line":217,"column":null}},"type":"if","locations":[{"start":{"line":203,"column":4},"end":{"line":217,"column":null}},{"start":{},"end":{}}],"line":203},"10":{"loc":{"start":{"line":203,"column":8},"end":{"line":203,"column":39}},"type":"binary-expr","locations":[{"start":{"line":203,"column":8},"end":{"line":203,"column":22}},{"start":{"line":203,"column":22},"end":{"line":203,"column":39}}],"line":203},"11":{"loc":{"start":{"line":207,"column":26},"end":{"line":207,"column":null}},"type":"binary-expr","locations":[{"start":{"line":207,"column":26},"end":{"line":207,"column":44}},{"start":{"line":207,"column":44},"end":{"line":207,"column":null}}],"line":207},"12":{"loc":{"start":{"line":223,"column":4},"end":{"line":277,"column":null}},"type":"if","locations":[{"start":{"line":223,"column":4},"end":{"line":277,"column":null}},{"start":{},"end":{}}],"line":223},"13":{"loc":{"start":{"line":223,"column":8},"end":{"line":223,"column":67}},"type":"binary-expr","locations":[{"start":{"line":223,"column":8},"end":{"line":223,"column":38}},{"start":{"line":223,"column":38},"end":{"line":223,"column":67}}],"line":223},"14":{"loc":{"start":{"line":227,"column":33},"end":{"line":227,"column":null}},"type":"binary-expr","locations":[{"start":{"line":227,"column":33},"end":{"line":227,"column":43}},{"start":{"line":227,"column":43},"end":{"line":227,"column":70}},{"start":{"line":227,"column":70},"end":{"line":227,"column":null}}],"line":227},"15":{"loc":{"start":{"line":231,"column":6},"end":{"line":275,"column":null}},"type":"if","locations":[{"start":{"line":231,"column":6},"end":{"line":275,"column":null}},{"start":{"line":253,"column":6},"end":{"line":275,"column":null}}],"line":231},"16":{"loc":{"start":{"line":231,"column":10},"end":{"line":231,"column":102}},"type":"binary-expr","locations":[{"start":{"line":231,"column":10},"end":{"line":231,"column":33}},{"start":{"line":231,"column":33},"end":{"line":231,"column":68}},{"start":{"line":231,"column":68},"end":{"line":231,"column":102}}],"line":231},"17":{"loc":{"start":{"line":235,"column":8},"end":{"line":241,"column":null}},"type":"if","locations":[{"start":{"line":235,"column":8},"end":{"line":241,"column":null}},{"start":{},"end":{}}],"line":235},"18":{"loc":{"start":{"line":235,"column":12},"end":{"line":235,"column":80}},"type":"binary-expr","locations":[{"start":{"line":235,"column":12},"end":{"line":235,"column":47}},{"start":{"line":235,"column":47},"end":{"line":235,"column":80}}],"line":235},"19":{"loc":{"start":{"line":243,"column":8},"end":{"line":249,"column":null}},"type":"if","locations":[{"start":{"line":243,"column":8},"end":{"line":249,"column":null}},{"start":{},"end":{}}],"line":243},"20":{"loc":{"start":{"line":243,"column":12},"end":{"line":243,"column":80}},"type":"binary-expr","locations":[{"start":{"line":243,"column":12},"end":{"line":243,"column":47}},{"start":{"line":243,"column":47},"end":{"line":243,"column":80}}],"line":243},"21":{"loc":{"start":{"line":253,"column":6},"end":{"line":275,"column":null}},"type":"if","locations":[{"start":{"line":253,"column":6},"end":{"line":275,"column":null}},{"start":{},"end":{}}],"line":253},"22":{"loc":{"start":{"line":257,"column":19},"end":{"line":257,"column":null}},"type":"cond-expr","locations":[{"start":{"line":257,"column":38},"end":{"line":257,"column":51}},{"start":{"line":257,"column":51},"end":{"line":257,"column":null}}],"line":257},"23":{"loc":{"start":{"line":259,"column":19},"end":{"line":259,"column":null}},"type":"cond-expr","locations":[{"start":{"line":259,"column":39},"end":{"line":259,"column":53}},{"start":{"line":259,"column":53},"end":{"line":259,"column":null}}],"line":259},"24":{"loc":{"start":{"line":285,"column":6},"end":{"line":285,"column":null}},"type":"if","locations":[{"start":{"line":285,"column":6},"end":{"line":285,"column":null}},{"start":{},"end":{}}],"line":285},"25":{"loc":{"start":{"line":285,"column":10},"end":{"line":285,"column":55}},"type":"binary-expr","locations":[{"start":{"line":285,"column":10},"end":{"line":285,"column":33}},{"start":{"line":285,"column":33},"end":{"line":285,"column":55}}],"line":285},"26":{"loc":{"start":{"line":291,"column":6},"end":{"line":313,"column":null}},"type":"if","locations":[{"start":{"line":291,"column":6},"end":{"line":313,"column":null}},{"start":{},"end":{}}],"line":291},"27":{"loc":{"start":{"line":295,"column":8},"end":{"line":311,"column":null}},"type":"if","locations":[{"start":{"line":295,"column":8},"end":{"line":311,"column":null}},{"start":{},"end":{}}],"line":295},"28":{"loc":{"start":{"line":319,"column":4},"end":{"line":327,"column":null}},"type":"if","locations":[{"start":{"line":319,"column":4},"end":{"line":327,"column":null}},{"start":{"line":323,"column":4},"end":{"line":327,"column":null}}],"line":319},"29":{"loc":{"start":{"line":323,"column":4},"end":{"line":327,"column":null}},"type":"if","locations":[{"start":{"line":323,"column":4},"end":{"line":327,"column":null}},{"start":{},"end":{}}],"line":323},"30":{"loc":{"start":{"line":333,"column":24},"end":{"line":337,"column":null}},"type":"cond-expr","locations":[{"start":{"line":335,"column":6},"end":{"line":335,"column":null}},{"start":{"line":337,"column":6},"end":{"line":337,"column":null}}],"line":333},"31":{"loc":{"start":{"line":341,"column":68},"end":{"line":341,"column":97}},"type":"cond-expr","locations":[{"start":{"line":341,"column":89},"end":{"line":341,"column":94}},{"start":{"line":341,"column":94},"end":{"line":341,"column":97}}],"line":341},"32":{"loc":{"start":{"line":345,"column":2},"end":{"line":351,"column":null}},"type":"if","locations":[{"start":{"line":345,"column":2},"end":{"line":351,"column":null}},{"start":{},"end":{}}],"line":345},"33":{"loc":{"start":{"line":359,"column":2},"end":{"line":363,"column":null}},"type":"if","locations":[{"start":{"line":359,"column":2},"end":{"line":363,"column":null}},{"start":{},"end":{}}],"line":359}},"s":{"0":1,"1":4,"2":4,"3":2,"4":2,"5":2,"6":2,"7":2,"8":2,"9":2,"10":2,"11":2,"12":2,"13":0,"14":2,"15":2,"16":2,"17":2,"18":2,"19":0,"20":7,"21":7,"22":1,"23":1,"24":1,"25":1,"26":6,"27":6,"28":0,"29":0,"30":0,"31":0,"32":6,"33":6,"34":6,"35":8,"36":8,"37":8,"38":8,"39":8,"40":16,"41":8,"42":1,"43":1,"44":1,"45":0,"46":8,"47":2,"48":2,"49":2,"50":1,"51":1,"52":1,"53":1,"54":1,"55":1,"56":1,"57":1,"58":1,"59":1,"60":1,"61":1,"62":1,"63":0,"64":1,"65":8,"66":18,"67":4,"68":14,"69":14,"70":13,"71":13,"72":13,"73":13,"74":0,"75":8,"76":7,"77":1,"78":1,"79":6,"80":7,"81":7,"82":1,"83":1,"84":1,"85":6,"86":6,"87":6},"f":{"0":4,"1":7,"2":16,"3":1},"b":{"0":[4],"1":[2,2],"2":[2,0],"3":[2,0],"4":[7],"5":[1,6],"6":[1,0],"7":[0,6],"8":[0,0],"9":[1,7],"10":[8,1],"11":[1,1],"12":[2,6],"13":[8,6],"14":[2,1,1],"15":[1,1],"16":[2,1,0],"17":[1,0],"18":[1,1],"19":[1,0],"20":[1,1],"21":[1,0],"22":[1,0],"23":[1,0],"24":[4,14],"25":[18,16],"26":[14,0],"27":[13,1],"28":[7,1],"29":[1,0],"30":[1,5],"31":[5,1],"32":[1,6],"33":[6,0]},"meta":{"lastBranch":34,"lastFunction":4,"lastStatement":88,"seen":{"s:8:28:51:Infinity":0,"f:59:22:59:40":0,"b:59:77:59:100":0,"s:61:20:61:Infinity":1,"b:65:2:73:Infinity:undefined:undefined:undefined:undefined":1,"s:65:2:73:Infinity":2,"s:67:4:67:Infinity":3,"b:69:4:69:Infinity:undefined:undefined:undefined:undefined":2,"s:69:4:69:Infinity":4,"s:69:29:69:Infinity":5,"s:71:4:71:Infinity":6,"s:77:15:77:Infinity":7,"s:81:8:81:Infinity":8,"s:85:16:85:Infinity":9,"s:87:2:103:Infinity":10,"s:89:18:95:Infinity":11,"s:97:4:97:Infinity":12,"s:101:4:101:Infinity":13,"s:107:15:115:Infinity":14,"s:119:2:119:Infinity":15,"s:123:2:123:Infinity":16,"b:127:2:137:Infinity:131:9:137:Infinity":3,"s:127:2:137:Infinity":17,"s:129:4:129:Infinity":18,"s:135:4:135:Infinity":19,"f:149:22:149:41":1,"b:149:98:149:121":4,"s:151:15:151:Infinity":20,"b:153:2:161:Infinity:undefined:undefined:undefined:undefined":5,"s:153:2:161:Infinity":21,"s:155:4:155:Infinity":22,"b:157:4:157:Infinity:undefined:undefined:undefined:undefined":6,"s:157:4:157:Infinity":23,"s:157:29:157:Infinity":24,"s:159:4:159:Infinity":25,"s:165:20:165:Infinity":26,"b:167:2:175:Infinity:undefined:undefined:undefined:undefined":7,"s:167:2:175:Infinity":27,"s:169:4:169:Infinity":28,"b:171:4:171:Infinity:undefined:undefined:undefined:undefined":8,"s:171:4:171:Infinity":29,"s:171:29:171:Infinity":30,"s:173:4:173:Infinity":31,"s:179:21:179:Infinity":32,"s:181:34:181:Infinity":33,"s:185:2:329:Infinity":34,"s:187:27:187:Infinity":35,"s:189:21:189:Infinity":36,"s:195:22:195:Infinity":37,"s:197:23:197:Infinity":38,"s:199:28:199:Infinity":39,"f:199:42:199:47":2,"s:199:47:199:68":40,"b:203:4:217:Infinity:undefined:undefined:undefined:undefined":9,"s:203:4:217:Infinity":41,"b:203:8:203:22:203:22:203:39":10,"s:205:6:215:Infinity":42,"s:207:26:207:Infinity":43,"b:207:26:207:44:207:44:207:Infinity":11,"s:209:8:209:Infinity":44,"s:213:8:213:Infinity":45,"b:223:4:277:Infinity:undefined:undefined:undefined:undefined":12,"s:223:4:277:Infinity":46,"b:223:8:223:38:223:38:223:67":13,"s:225:21:225:Infinity":47,"s:227:33:227:Infinity":48,"b:227:33:227:43:227:43:227:70:227:70:227:Infinity":14,"b:231:6:275:Infinity:253:6:275:Infinity":15,"s:231:6:275:Infinity":49,"b:231:10:231:33:231:33:231:68:231:68:231:102":16,"b:235:8:241:Infinity:undefined:undefined:undefined:undefined":17,"s:235:8:241:Infinity":50,"b:235:12:235:47:235:47:235:80":18,"s:237:11:237:Infinity":51,"s:239:10:239:Infinity":52,"b:243:8:249:Infinity:undefined:undefined:undefined:undefined":19,"s:243:8:249:Infinity":53,"b:243:12:243:47:243:47:243:80":20,"s:245:11:245:Infinity":54,"s:247:10:247:Infinity":55,"s:251:8:251:Infinity":56,"b:253:6:275:Infinity:undefined:undefined:undefined:undefined":21,"s:253:6:275:Infinity":57,"s:257:19:257:Infinity":58,"b:257:38:257:51:257:51:257:Infinity":22,"s:259:19:259:Infinity":59,"b:259:39:259:53:259:53:259:Infinity":23,"s:261:8:271:Infinity":60,"s:263:11:263:Infinity":61,"s:265:10:265:Infinity":62,"s:269:10:269:Infinity":63,"s:273:8:273:Infinity":64,"s:281:4:315:Infinity":65,"b:285:6:285:Infinity:undefined:undefined:undefined:undefined":24,"s:285:6:285:Infinity":66,"b:285:10:285:33:285:33:285:55":25,"s:285:55:285:Infinity":67,"b:291:6:313:Infinity:undefined:undefined:undefined:undefined":26,"s:291:6:313:Infinity":68,"b:295:8:311:Infinity:undefined:undefined:undefined:undefined":27,"s:295:8:311:Infinity":69,"s:297:10:297:Infinity":70,"s:299:10:309:Infinity":71,"s:301:13:301:Infinity":72,"s:303:12:303:Infinity":73,"s:307:12:307:Infinity":74,"b:319:4:327:Infinity:323:4:327:Infinity":28,"s:319:4:327:Infinity":75,"s:321:6:321:Infinity":76,"b:323:4:327:Infinity:undefined:undefined:undefined:undefined":29,"s:323:4:327:Infinity":77,"s:325:6:325:Infinity":78,"s:333:24:337:Infinity":79,"b:335:6:335:Infinity:337:6:337:Infinity":30,"s:341:16:341:Infinity":80,"b:341:89:341:94:341:94:341:97":31,"b:345:2:351:Infinity:undefined:undefined:undefined:undefined":32,"s:345:2:351:Infinity":81,"s:347:24:347:Infinity":82,"f:347:60:347:65":3,"s:347:65:347:71":83,"s:349:4:349:Infinity":84,"s:355:2:355:Infinity":85,"b:359:2:363:Infinity:undefined:undefined:undefined:undefined":33,"s:359:2:363:Infinity":86,"s:361:4:361:Infinity":87}}}
,"/Volumes/Projects/public/figma-granular-copy/src/main/extraction.ts": {"path":"/Volumes/Projects/public/figma-granular-copy/src/main/extraction.ts","statementMap":{"0":{"start":{"line":6,"column":22},"end":{"line":6,"column":null}},"1":{"start":{"line":8,"column":2},"end":{"line":16,"column":null}},"2":{"start":{"line":9,"column":4},"end":{"line":15,"column":null}},"3":{"start":{"line":10,"column":21},"end":{"line":10,"column":null}},"4":{"start":{"line":14,"column":6},"end":{"line":14,"column":null}},"5":{"start":{"line":18,"column":2},"end":{"line":18,"column":null}}},"fnMap":{"0":{"name":"extractProperties","decl":{"start":{"line":5,"column":16},"end":{"line":5,"column":34}},"loc":{"start":{"line":5,"column":76},"end":{"line":19,"column":null}},"line":5}},"branchMap":{"0":{"loc":{"start":{"line":9,"column":4},"end":{"line":15,"column":null}},"type":"if","locations":[{"start":{"line":9,"column":4},"end":{"line":15,"column":null}},{"start":{},"end":{}}],"line":9}},"s":{"0":11,"1":11,"2":42,"3":42,"4":42,"5":11},"f":{"0":11},"b":{"0":[42,0]},"meta":{"lastBranch":1,"lastFunction":1,"lastStatement":6,"seen":{"f:5:16:5:34":0,"s:6:22:6:Infinity":0,"s:8:2:16:Infinity":1,"b:9:4:15:Infinity:undefined:undefined:undefined:undefined":0,"s:9:4:15:Infinity":2,"s:10:21:10:Infinity":3,"s:14:6:14:Infinity":4,"s:18:2:18:Infinity":5}}}
,"/Volumes/Projects/public/figma-granular-copy/src/main/storage.ts": {"path":"/Volumes/Projects/public/figma-granular-copy/src/main/storage.ts","statementMap":{"0":{"start":{"line":1,"column":20},"end":{"line":1,"column":null}},"1":{"start":{"line":7,"column":2},"end":{"line":11,"column":null}},"2":{"start":{"line":8,"column":4},"end":{"line":8,"column":null}},"3":{"start":{"line":10,"column":4},"end":{"line":10,"column":null}},"4":{"start":{"line":18,"column":2},"end":{"line":23,"column":null}},"5":{"start":{"line":19,"column":4},"end":{"line":19,"column":null}},"6":{"start":{"line":21,"column":4},"end":{"line":21,"column":null}},"7":{"start":{"line":22,"column":4},"end":{"line":22,"column":null}}},"fnMap":{"0":{"name":"saveProperties","decl":{"start":{"line":6,"column":22},"end":{"line":6,"column":37}},"loc":{"start":{"line":6,"column":63},"end":{"line":12,"column":null}},"line":6},"1":{"name":"loadProperties","decl":{"start":{"line":17,"column":22},"end":{"line":17,"column":53}},"loc":{"start":{"line":17,"column":53},"end":{"line":24,"column":null}},"line":17}},"branchMap":{},"s":{"0":2,"1":2,"2":2,"3":1,"4":2,"5":2,"6":1,"7":1},"f":{"0":2,"1":2},"b":{},"meta":{"lastBranch":0,"lastFunction":2,"lastStatement":8,"seen":{"s:1:20:1:Infinity":0,"f:6:22:6:37":0,"s:7:2:11:Infinity":1,"s:8:4:8:Infinity":2,"s:10:4:10:Infinity":3,"f:17:22:17:53":1,"s:18:2:23:Infinity":4,"s:19:4:19:Infinity":5,"s:21:4:21:Infinity":6,"s:22:4:22:Infinity":7}}}
,"/Volumes/Projects/public/figma-granular-copy/src/main/ui-handlers.ts": {"path":"/Volumes/Projects/public/figma-granular-copy/src/main/ui-handlers.ts","statementMap":{"0":{"start":{"line":7,"column":2},"end":{"line":14,"column":null}},"1":{"start":{"line":8,"column":4},"end":{"line":8,"column":null}},"2":{"start":{"line":9,"column":2},"end":{"line":14,"column":null}},"3":{"start":{"line":10,"column":21},"end":{"line":10,"column":null}},"4":{"start":{"line":11,"column":4},"end":{"line":13,"column":null}},"5":{"start":{"line":12,"column":6},"end":{"line":12,"column":null}}},"fnMap":{"0":{"name":"handleUIMessage","decl":{"start":{"line":6,"column":22},"end":{"line":6,"column":38}},"loc":{"start":{"line":6,"column":48},"end":{"line":15,"column":null}},"line":6}},"branchMap":{"0":{"loc":{"start":{"line":7,"column":2},"end":{"line":14,"column":null}},"type":"if","locations":[{"start":{"line":7,"column":2},"end":{"line":14,"column":null}},{"start":{"line":9,"column":2},"end":{"line":14,"column":null}}],"line":7},"1":{"loc":{"start":{"line":9,"column":2},"end":{"line":14,"column":null}},"type":"if","locations":[{"start":{"line":9,"column":2},"end":{"line":14,"column":null}},{"start":{},"end":{}}],"line":9},"2":{"loc":{"start":{"line":11,"column":4},"end":{"line":13,"column":null}},"type":"if","locations":[{"start":{"line":11,"column":4},"end":{"line":13,"column":null}},{"start":{},"end":{}}],"line":11}},"s":{"0":2,"1":1,"2":1,"3":1,"4":1,"5":1},"f":{"0":2},"b":{"0":[1,1],"1":[1,0],"2":[1,0]},"meta":{"lastBranch":3,"lastFunction":1,"lastStatement":6,"seen":{"f:6:22:6:38":0,"b:7:2:14:Infinity:9:2:14:Infinity":0,"s:7:2:14:Infinity":0,"s:8:4:8:Infinity":1,"b:9:2:14:Infinity:undefined:undefined:undefined:undefined":1,"s:9:2:14:Infinity":2,"s:10:21:10:Infinity":3,"b:11:4:13:Infinity:undefined:undefined:undefined:undefined":2,"s:11:4:13:Infinity":4,"s:12:6:12:Infinity":5}}}
,"/Volumes/Projects/public/figma-granular-copy/src/main/utils.ts": {"path":"/Volumes/Projects/public/figma-granular-copy/src/main/utils.ts","statementMap":{"0":{"start":{"line":2,"column":15},"end":{"line":2,"column":null}},"1":{"start":{"line":3,"column":14},"end":{"line":3,"column":null}},"2":{"start":{"line":4,"column":2},"end":{"line":6,"column":null}},"3":{"start":{"line":4,"column":15},"end":{"line":4,"column":18}},"4":{"start":{"line":5,"column":4},"end":{"line":5,"column":null}},"5":{"start":{"line":7,"column":2},"end":{"line":7,"column":null}}},"fnMap":{"0":{"name":"uint8ArrayToBase64","decl":{"start":{"line":1,"column":16},"end":{"line":1,"column":35}},"loc":{"start":{"line":1,"column":63},"end":{"line":8,"column":null}},"line":1}},"branchMap":{},"s":{"0":2,"1":2,"2":2,"3":2,"4":4,"5":2},"f":{"0":2},"b":{},"meta":{"lastBranch":0,"lastFunction":1,"lastStatement":6,"seen":{"f:1:16:1:35":0,"s:2:15:2:Infinity":0,"s:3:14:3:Infinity":1,"s:4:2:6:Infinity":2,"s:4:15:4:18":3,"s:5:4:5:Infinity":4,"s:7:2:7:Infinity":5}}}
,"/Volumes/Projects/public/figma-granular-copy/src/ui/App.css": {"path":"/Volumes/Projects/public/figma-granular-copy/src/ui/App.css","statementMap":{},"fnMap":{},"branchMap":{},"s":{},"f":{},"b":{},"meta":{"lastBranch":0,"lastFunction":0,"lastStatement":0,"seen":{}}}
,"/Volumes/Projects/public/figma-granular-copy/src/ui/App.tsx": {"path":"/Volumes/Projects/public/figma-granular-copy/src/ui/App.tsx","statementMap":{"0":{"start":{"line":9,"column":29},"end":{"line":65,"column":null}},"1":{"start":{"line":11,"column":34},"end":{"line":11,"column":null}},"2":{"start":{"line":13,"column":18},"end":{"line":15,"column":null}},"3":{"start":{"line":14,"column":4},"end":{"line":14,"column":null}},"4":{"start":{"line":17,"column":22},"end":{"line":23,"column":null}},"5":{"start":{"line":18,"column":4},"end":{"line":18,"column":null}},"6":{"start":{"line":18,"column":15},"end":{"line":18,"column":null}},"7":{"start":{"line":20,"column":20},"end":{"line":20,"column":null}},"8":{"start":{"line":20,"column":39},"end":{"line":20,"column":48}},"9":{"start":{"line":21,"column":23},"end":{"line":21,"column":null}},"10":{"start":{"line":21,"column":42},"end":{"line":21,"column":71}},"11":{"start":{"line":22,"column":4},"end":{"line":22,"column":null}},"12":{"start":{"line":25,"column":2},"end":{"line":63,"column":null}},"13":{"start":{"line":59,"column":60},"end":{"line":59,"column":78}}},"fnMap":{"0":{"name":"(anonymous_0)","decl":{"start":{"line":9,"column":29},"end":{"line":9,"column":35}},"loc":{"start":{"line":9,"column":35},"end":{"line":65,"column":null}},"line":9},"1":{"name":"(anonymous_1)","decl":{"start":{"line":13,"column":18},"end":{"line":13,"column":19}},"loc":{"start":{"line":13,"column":42},"end":{"line":15,"column":null}},"line":13},"2":{"name":"(anonymous_2)","decl":{"start":{"line":17,"column":22},"end":{"line":17,"column":23}},"loc":{"start":{"line":17,"column":46},"end":{"line":23,"column":null}},"line":17},"3":{"name":"(anonymous_3)","decl":{"start":{"line":20,"column":34},"end":{"line":20,"column":39}},"loc":{"start":{"line":20,"column":39},"end":{"line":20,"column":48}},"line":20},"4":{"name":"(anonymous_4)","decl":{"start":{"line":21,"column":37},"end":{"line":21,"column":42}},"loc":{"start":{"line":21,"column":42},"end":{"line":21,"column":71}},"line":21},"5":{"name":"(anonymous_5)","decl":{"start":{"line":59,"column":54},"end":{"line":59,"column":60}},"loc":{"start":{"line":59,"column":60},"end":{"line":59,"column":78}},"line":59}},"branchMap":{"0":{"loc":{"start":{"line":18,"column":4},"end":{"line":18,"column":null}},"type":"if","locations":[{"start":{"line":18,"column":4},"end":{"line":18,"column":null}},{"start":{},"end":{}}],"line":18},"1":{"loc":{"start":{"line":22,"column":11},"end":{"line":22,"column":null}},"type":"binary-expr","locations":[{"start":{"line":22,"column":11},"end":{"line":22,"column":22}},{"start":{"line":22,"column":22},"end":{"line":22,"column":null}}],"line":22}},"s":{"0":1,"1":1,"2":1,"3":0,"4":1,"5":14,"6":14,"7":0,"8":0,"9":0,"10":0,"11":0,"12":1,"13":0},"f":{"0":1,"1":0,"2":14,"3":0,"4":0,"5":0},"b":{"0":[14,0],"1":[0,0]},"meta":{"lastBranch":2,"lastFunction":6,"lastStatement":14,"seen":{"s:9:29:65:Infinity":0,"f:9:29:9:35":0,"s:11:34:11:Infinity":1,"s:13:18:15:Infinity":2,"f:13:18:13:19":1,"s:14:4:14:Infinity":3,"s:17:22:23:Infinity":4,"f:17:22:17:23":2,"b:18:4:18:Infinity:undefined:undefined:undefined:undefined":0,"s:18:4:18:Infinity":5,"s:18:15:18:Infinity":6,"s:20:20:20:Infinity":7,"f:20:34:20:39":3,"s:20:39:20:48":8,"s:21:23:21:Infinity":9,"f:21:37:21:42":4,"s:21:42:21:71":10,"s:22:4:22:Infinity":11,"b:22:11:22:22:22:22:22:Infinity":1,"s:25:2:63:Infinity":12,"f:59:54:59:60":5,"s:59:60:59:78":13}}}
,"/Volumes/Projects/public/figma-granular-copy/src/ui/components/HeaderActions.tsx": {"path":"/Volumes/Projects/public/figma-granular-copy/src/ui/components/HeaderActions.tsx","statementMap":{"0":{"start":{"line":3,"column":39},"end":{"line":15,"column":null}},"1":{"start":{"line":4,"column":17},"end":{"line":6,"column":null}},"2":{"start":{"line":5,"column":4},"end":{"line":5,"column":null}},"3":{"start":{"line":8,"column":2},"end":{"line":13,"column":null}}},"fnMap":{"0":{"name":"(anonymous_0)","decl":{"start":{"line":3,"column":39},"end":{"line":3,"column":45}},"loc":{"start":{"line":3,"column":45},"end":{"line":15,"column":null}},"line":3},"1":{"name":"(anonymous_1)","decl":{"start":{"line":4,"column":17},"end":{"line":4,"column":23}},"loc":{"start":{"line":4,"column":23},"end":{"line":6,"column":null}},"line":4}},"branchMap":{},"s":{"0":2,"1":2,"2":1,"3":2},"f":{"0":2,"1":1},"b":{},"meta":{"lastBranch":0,"lastFunction":2,"lastStatement":4,"seen":{"s:3:39:15:Infinity":0,"f:3:39:3:45":0,"s:4:17:6:Infinity":1,"f:4:17:4:23":1,"s:5:4:5:Infinity":2,"s:8:2:13:Infinity":3}}}
,"/Volumes/Projects/public/figma-granular-copy/src/ui/components/PreviewHeader.tsx": {"path":"/Volumes/Projects/public/figma-granular-copy/src/ui/components/PreviewHeader.tsx","statementMap":{"0":{"start":{"line":8,"column":59},"end":{"line":23,"column":null}},"1":{"start":{"line":9,"column":2},"end":{"line":21,"column":null}}},"fnMap":{"0":{"name":"(anonymous_0)","decl":{"start":{"line":8,"column":59},"end":{"line":8,"column":60}},"loc":{"start":{"line":8,"column":82},"end":{"line":23,"column":null}},"line":8}},"branchMap":{"0":{"loc":{"start":{"line":12,"column":9},"end":{"line":15,"column":null}},"type":"cond-expr","locations":[{"start":{"line":13,"column":10},"end":{"line":13,"column":null}},{"start":{"line":15,"column":10},"end":{"line":15,"column":null}}],"line":12},"1":{"loc":{"start":{"line":19,"column":37},"end":{"line":19,"column":60}},"type":"binary-expr","locations":[{"start":{"line":19,"column":37},"end":{"line":19,"column":45}},{"start":{"line":19,"column":45},"end":{"line":19,"column":60}}],"line":19}},"s":{"0":2,"1":3},"f":{"0":3},"b":{"0":[1,2],"1":[3,1]},"meta":{"lastBranch":2,"lastFunction":1,"lastStatement":2,"seen":{"s:8:59:23:Infinity":0,"f:8:59:8:60":0,"s:9:2:21:Infinity":1,"b:13:10:13:Infinity:15:10:15:Infinity":0,"b:19:37:19:45:19:45:19:60":1}}}
,"/Volumes/Projects/public/figma-granular-copy/src/ui/components/PropertyButton.tsx": {"path":"/Volumes/Projects/public/figma-granular-copy/src/ui/components/PropertyButton.tsx","statementMap":{"0":{"start":{"line":10,"column":61},"end":{"line":20,"column":null}},"1":{"start":{"line":11,"column":2},"end":{"line":18,"column":null}},"2":{"start":{"line":15,"column":21},"end":{"line":15,"column":null}}},"fnMap":{"0":{"name":"(anonymous_0)","decl":{"start":{"line":10,"column":61},"end":{"line":10,"column":62}},"loc":{"start":{"line":10,"column":106},"end":{"line":20,"column":null}},"line":10},"1":{"name":"(anonymous_1)","decl":{"start":{"line":15,"column":15},"end":{"line":15,"column":21}},"loc":{"start":{"line":15,"column":21},"end":{"line":15,"column":null}},"line":15}},"branchMap":{},"s":{"0":2,"1":17,"2":1},"f":{"0":17,"1":1},"b":{},"meta":{"lastBranch":0,"lastFunction":2,"lastStatement":3,"seen":{"s:10:61:20:Infinity":0,"f:10:61:10:62":0,"s:11:2:18:Infinity":1,"f:15:15:15:21":1,"s:15:21:15:Infinity":2}}}
,"/Volumes/Projects/public/figma-granular-copy/src/ui/components/PropertyCategory.tsx": {"path":"/Volumes/Projects/public/figma-granular-copy/src/ui/components/PropertyCategory.tsx","statementMap":{"0":{"start":{"line":8,"column":65},"end":{"line":17,"column":null}},"1":{"start":{"line":9,"column":2},"end":{"line":15,"column":null}}},"fnMap":{"0":{"name":"(anonymous_0)","decl":{"start":{"line":8,"column":65},"end":{"line":8,"column":66}},"loc":{"start":{"line":8,"column":90},"end":{"line":17,"column":null}},"line":8}},"branchMap":{},"s":{"0":1,"1":4},"f":{"0":4},"b":{},"meta":{"lastBranch":0,"lastFunction":1,"lastStatement":2,"seen":{"s:8:65:17:Infinity":0,"f:8:65:8:66":0,"s:9:2:15:Infinity":1}}}
,"/Volumes/Projects/public/figma-granular-copy/src/ui/hooks/useFigmaData.ts": {"path":"/Volumes/Projects/public/figma-granular-copy/src/ui/hooks/useFigmaData.ts","statementMap":{"0":{"start":{"line":4,"column":22},"end":{"line":4,"column":null}},"1":{"start":{"line":5,"column":48},"end":{"line":5,"column":null}},"2":{"start":{"line":7,"column":2},"end":{"line":30,"column":null}},"3":{"start":{"line":8,"column":26},"end":{"line":19,"column":null}},"4":{"start":{"line":10,"column":18},"end":{"line":10,"column":null}},"5":{"start":{"line":11,"column":6},"end":{"line":11,"column":null}},"6":{"start":{"line":11,"column":16},"end":{"line":11,"column":null}},"7":{"start":{"line":13,"column":71},"end":{"line":13,"column":null}},"8":{"start":{"line":14,"column":6},"end":{"line":18,"column":null}},"9":{"start":{"line":15,"column":8},"end":{"line":15,"column":null}},"10":{"start":{"line":16,"column":6},"end":{"line":18,"column":null}},"11":{"start":{"line":17,"column":8},"end":{"line":17,"column":null}},"12":{"start":{"line":22,"column":4},"end":{"line":22,"column":null}},"13":{"start":{"line":27,"column":4},"end":{"line":29,"column":null}},"14":{"start":{"line":28,"column":6},"end":{"line":28,"column":null}},"15":{"start":{"line":32,"column":2},"end":{"line":32,"column":null}}},"fnMap":{"0":{"name":"useFigmaData","decl":{"start":{"line":3,"column":16},"end":{"line":3,"column":31}},"loc":{"start":{"line":3,"column":31},"end":{"line":33,"column":null}},"line":3},"1":{"name":"(anonymous_1)","decl":{"start":{"line":7,"column":12},"end":{"line":7,"column":18}},"loc":{"start":{"line":7,"column":18},"end":{"line":30,"column":5}},"line":7},"2":{"name":"(anonymous_2)","decl":{"start":{"line":8,"column":26},"end":{"line":8,"column":27}},"loc":{"start":{"line":8,"column":51},"end":{"line":19,"column":null}},"line":8},"3":{"name":"(anonymous_3)","decl":{"start":{"line":27,"column":11},"end":{"line":27,"column":17}},"loc":{"start":{"line":27,"column":17},"end":{"line":29,"column":null}},"line":27}},"branchMap":{"0":{"loc":{"start":{"line":11,"column":6},"end":{"line":11,"column":null}},"type":"if","locations":[{"start":{"line":11,"column":6},"end":{"line":11,"column":null}},{"start":{},"end":{}}],"line":11},"1":{"loc":{"start":{"line":14,"column":6},"end":{"line":18,"column":null}},"type":"if","locations":[{"start":{"line":14,"column":6},"end":{"line":18,"column":null}},{"start":{"line":16,"column":6},"end":{"line":18,"column":null}}],"line":14},"2":{"loc":{"start":{"line":14,"column":10},"end":{"line":14,"column":63}},"type":"binary-expr","locations":[{"start":{"line":14,"column":10},"end":{"line":14,"column":36}},{"start":{"line":14,"column":36},"end":{"line":14,"column":63}}],"line":14},"3":{"loc":{"start":{"line":16,"column":6},"end":{"line":18,"column":null}},"type":"if","locations":[{"start":{"line":16,"column":6},"end":{"line":18,"column":null}},{"start":{},"end":{}}],"line":16},"4":{"loc":{"start":{"line":17,"column":29},"end":{"line":17,"column":47}},"type":"binary-expr","locations":[{"start":{"line":17,"column":29},"end":{"line":17,"column":45}},{"start":{"line":17,"column":45},"end":{"line":17,"column":47}}],"line":17}},"s":{"0":5,"1":5,"2":5,"3":3,"4":2,"5":2,"6":0,"7":2,"8":2,"9":2,"10":0,"11":0,"12":3,"13":3,"14":0,"15":5},"f":{"0":5,"1":3,"2":2,"3":0},"b":{"0":[0,2],"1":[2,0],"2":[2,0],"3":[0,0],"4":[0,0]},"meta":{"lastBranch":5,"lastFunction":4,"lastStatement":16,"seen":{"f:3:16:3:31":0,"s:4:22:4:Infinity":0,"s:5:48:5:Infinity":1,"s:7:2:30:Infinity":2,"f:7:12:7:18":1,"s:8:26:19:Infinity":3,"f:8:26:8:27":2,"s:10:18:10:Infinity":4,"b:11:6:11:Infinity:undefined:undefined:undefined:undefined":0,"s:11:6:11:Infinity":5,"s:11:16:11:Infinity":6,"s:13:71:13:Infinity":7,"b:14:6:18:Infinity:16:6:18:Infinity":1,"s:14:6:18:Infinity":8,"b:14:10:14:36:14:36:14:63":2,"s:15:8:15:Infinity":9,"b:16:6:18:Infinity:undefined:undefined:undefined:undefined":3,"s:16:6:18:Infinity":10,"s:17:8:17:Infinity":11,"b:17:29:17:45:17:45:17:47":4,"s:22:4:22:Infinity":12,"s:27:4:29:Infinity":13,"f:27:11:27:17":3,"s:28:6:28:Infinity":14,"s:32:2:32:Infinity":15}}}
}
